<yas>
    <scene root="root" axis_length="5" />

    <views default="cam0">
        <perspective id="cam0" near="0.1" far="500" angle="23">
            <from x="30" y="30" z="30" />
            <to x="0" y="0" z="0" />
        </perspective>

        <ortho id="cam1" near="0.1" far="500" left="0" right="10" top="6" bottom="0">
            <from x="50" y="0" z="5" />
            <to x="5" y="0" z="0" />
        </ortho>
    </views>

    <ambient>
        <ambient r="0" g="0" b="0" a="1" />
        <background r="0.1" g="0.1" b="0.1" a="1" />
    </ambient>

    <lights>
        <omni id="light0" enabled="1" >
            <location x="0" y="6" z="0" w="1" />
            <ambient r="0.1" g="0.1" b="0.1" a="1.0" />
            <diffuse r="0.6" g="0.6" b="0.6" a="1.0" />
            <specular r="0.3" g="0.3" b="0.3" a="1.0" />
        </omni>

        <omni id="light1" enabled="1" >
            <location x="6" y="6" z="0" w="1" />
            <ambient r="0.1" g="0.1" b="0.1" a="1.0" />
            <diffuse r="0.6" g="0.6" b="0.6" a="1.0" />
            <specular r="0.3" g="0.3" b="0.3" a="1.0" />
        </omni>

        <omni id="light2" enabled="1" >
            <location x="0" y="6" z="6" w="1" />
            <ambient r="0.1" g="0.1" b="0.1" a="1.0" />
            <diffuse r="0.6" g="0.6" b="0.6" a="1.0" />
            <specular r="0.3" g="0.3" b="0.3" a="1.0" />
        </omni>

        <omni id="light3" enabled="1" >
            <location x="6" y="6" z="6" w="1" />
            <ambient r="0.1" g="0.1" b="0.1" a="1.0" />
            <diffuse r="0.6" g="0.6" b="0.6" a="1.0" />
            <specular r="0.3" g="0.3" b="0.3" a="1.0" />
        </omni>

        <spot id="light4" enabled="0" angle="23" exponent="1">
            <location x="10" y="10" z="10" w="10" />
            <target x="0" y="0" z="0" />
            <ambient r="0.1" g="0.1" b="0.1" a="1" />
            <diffuse r="0.6" g="0.6" b="0.6" a="1" />
            <specular r="0.3" g="0.3" b="0.3" a="1" />
        </spot>
    </lights>

    <textures>
        <texture id="test" file="scenes/images/testTexture.png" />
    </textures>

    <materials>
        <material id="root" shininess="500" >
            <specular r="0.3" g="0.3" b="0.3" a="1.0" />
            <ambient r="0.1" g="0.1" b="0.1" a="1.0" />
            <diffuse r="0.6" g="0.6" b="0.6" a="1.0" />
            <emission r="0" g="0" b="0" a="1.0" />
        </material>
    </materials>

    <transformations>
        <transformation id="boat-transf">
            <translate x="0" y="0" z="0" />
        </transformation>
    </transformations>

    <animations>
    </animations>

    <primitives>
        <primitive id="terrain">
            <terrain idtexture="scenes/images/island.jpg" idheightmap="scenes/images/island-height.png" parts="5" heightscale="7" />
        </primitive>
    </primitives>

    <components>
        <component id="root">
            <transformation>
            </transformation>

            <materials>
                <material id="root" />
            </materials>

            <texture id="none" length_s="1" length_t="1" />

            <children>
                <componentref id="terrain" />
            </children>
        </component>

        <component id="terrain">
            <transformation>
                <scale x="3" y="1" z="3" />
            </transformation>

            <materials>
                <material id="inherit" />
            </materials>

            <texture id="none" length_s="1" length_t="1" />

            <children>
                <primitiveref id="terrain" />
            </children>
        </component>
    </components>
</yas>
