<yas>
    <scene root="root" axis_length="5" />

    <views default="cam0">
        <perspective id="cam0" near="0.1" far="500" angle="23">
            <from x="0" y="0" z="0" />
            <to x="15" y="15" z="15" />
        </perspective>

        <ortho id="cam1" near="0.1" far="500" left="200" right="250" top="250" bottom="200" />
    </views>

    <ambient>
        <ambient r="0" g="0" b="0" a="1" />
        <background r="0.1" g="0.1" b="0.1" a="1" />
    </ambient>

    <lights>
        <omni id="light0" enabled="1" >
            <location x="0" y="6" z="0" w="1" />
            <ambient r="0.1" g="0.1" b="0.1" a="1.0" />
            <diffuse r="0.6" g="0.6" b="0.6" a="1.0" />
            <specular r="0.3" g="0.3" b="0.3" a="1.0" />
        </omni>

        <omni id="light1" enabled="1" >
            <location x="6" y="6" z="0" w="1" />
            <ambient r="0.1" g="0.1" b="0.1" a="1.0" />
            <diffuse r="0.6" g="0.6" b="0.6" a="1.0" />
            <specular r="0.3" g="0.3" b="0.3" a="1.0" />
        </omni>

        <omni id="light2" enabled="1" >
            <location x="0" y="6" z="6" w="1" />
            <ambient r="0.1" g="0.1" b="0.1" a="1.0" />
            <diffuse r="0.6" g="0.6" b="0.6" a="1.0" />
            <specular r="0.3" g="0.3" b="0.3" a="1.0" />
        </omni>

        <omni id="light3" enabled="1" >
            <location x="6" y="6" z="6" w="1" />
            <ambient r="0.1" g="0.1" b="0.1" a="1.0" />
            <diffuse r="0.6" g="0.6" b="0.6" a="1.0" />
            <specular r="0.3" g="0.3" b="0.3" a="1.0" />
        </omni>

        <spot id="light4" enabled="0" angle="23" exponent="1">
            <location x="10" y="10" z="10" w="10" />
            <target x="0" y="0" z="0" />
            <ambient r="0.1" g="0.1" b="0.1" a="1" />
            <diffuse r="0.6" g="0.6" b="0.6" a="1" />
            <specular r="0.3" g="0.3" b="0.3" a="1" />
        </spot>
    </lights>

    <textures>
        <texture id="water" file="images/water.jpeg" />
    </textures>

    <materials>
        <material id="root" shininess="500" >
            <specular r="0.3" g="0.3" b="0.3" a="1.0" />
            <ambient r="0.1" g="0.1" b="0.1" a="1.0" />
            <diffuse r="0.6" g="0.6" b="0.6" a="1.0" />
            <emission r="0" g="0" b="0" a="1.0" />
        </material>
    </materials>

    <transformations>
        <transformation id="boat-transf">
            <translate x="0" y="0" z="0" />
        </transformation>
    </transformations>

    <primitives>
        <primitive id="cylinder">
            <cylinder base="1" top="1" height="2" slices="8" stacks="8" />
        </primitive>

        <primitive id="cylinder2">
            <cylinder base="0.5" top="1" height="2" slices="8" stacks="8" />
        </primitive>

        <primitive id="cylinder3">
            <cylinder base="1" top="0.5" height="2" slices="8" stacks="8" />
        </primitive>

        <primitive id="cylinder4">
            <cylinder base="1" top="0" height="2" slices="8" stacks="8" />
        </primitive>

        <primitive id="cylinder5">
            <cylinder base="0" top="1" height="2" slices="8" stacks="8" />
        </primitive>
    </primitives>

    <components>
        <component id="root">
            <transformation>
            </transformation>

            <materials>
                <material id="root" />
            </materials>

            <texture id="none" length_s="1" length_t="1" />

            <children>
                <componentref id="cylinder" />
                <componentref id="cylinder2" />
                <componentref id="cylinder3" />
                <componentref id="cylinder4" />
                <componentref id="cylinder5" />
            </children>
        </component>

        <component id="cylinder">
            <transformation>
            </transformation>

            <materials>
                <material id="root" />
            </materials>

            <texture id="none" length_s="1" length_t="1" />

            <children>
                <primitiveref id="cylinder" />
            </children>
        </component>

        <component id="cylinder2">
            <transformation>
                <translate x="3" y="0" z="0" />
            </transformation>

            <materials>
                <material id="root" />
            </materials>

            <texture id="none" length_s="1" length_t="1" />

            <children>
                <primitiveref id="cylinder2" />
            </children>
        </component>

        <component id="cylinder3">
            <transformation>
                <translate x="6" y="0" z="0" />
            </transformation>

            <materials>
                <material id="root" />
            </materials>

            <texture id="none" length_s="1" length_t="1" />

            <children>
                <primitiveref id="cylinder3" />
            </children>
        </component>

        <component id="cylinder4">
            <transformation>
                <translate x="0" y="0" z="3" />
            </transformation>

            <materials>
                <material id="root" />
            </materials>

            <texture id="none" length_s="1" length_t="1" />

            <children>
                <primitiveref id="cylinder4" />
            </children>
        </component>

        <component id="cylinder5">
            <transformation>
                <translate x="0" y="0" z="6" />
            </transformation>

            <materials>
                <material id="root" />
            </materials>

            <texture id="none" length_s="1" length_t="1" />

            <children>
                <primitiveref id="cylinder5" />
            </children>
        </component>
    </components>

</yas>
