<yas>
    <scene root="root" axis_length="5" />

    <views default="cam0">
        <perspective id="cam0" near="0.1" far="500" angle="23">
            <from x="30" y="30" z="30" />
            <to x="0" y="0" z="0" />
        </perspective>

        <ortho id="cam1" near="0.1" far="500" left="0" right="10" top="6" bottom="0">
            <from x="50" y="0" z="5" />
            <to x="5" y="0" z="0" />
        </ortho>
    </views>

    <ambient>
        <ambient r="0" g="0" b="0" a="1" />
        <background r="0.1" g="0.1" b="0.1" a="1" />
    </ambient>

    <lights>
        <omni id="light0" enabled="1" >
            <location x="0" y="6" z="0" w="1" />
            <ambient r="0.1" g="0.1" b="0.1" a="1.0" />
            <diffuse r="0.6" g="0.6" b="0.6" a="1.0" />
            <specular r="0.3" g="0.3" b="0.3" a="1.0" />
        </omni>

        <omni id="light1" enabled="1" >
            <location x="6" y="6" z="0" w="1" />
            <ambient r="0.1" g="0.1" b="0.1" a="1.0" />
            <diffuse r="0.6" g="0.6" b="0.6" a="1.0" />
            <specular r="0.3" g="0.3" b="0.3" a="1.0" />
        </omni>

        <omni id="light2" enabled="1" >
            <location x="0" y="6" z="6" w="1" />
            <ambient r="0.1" g="0.1" b="0.1" a="1.0" />
            <diffuse r="0.6" g="0.6" b="0.6" a="1.0" />
            <specular r="0.3" g="0.3" b="0.3" a="1.0" />
        </omni>

        <omni id="light3" enabled="1" >
            <location x="6" y="6" z="6" w="1" />
            <ambient r="0.1" g="0.1" b="0.1" a="1.0" />
            <diffuse r="0.6" g="0.6" b="0.6" a="1.0" />
            <specular r="0.3" g="0.3" b="0.3" a="1.0" />
        </omni>

        <spot id="light4" enabled="0" angle="23" exponent="1">
            <location x="10" y="10" z="10" w="10" />
            <target x="0" y="0" z="0" />
            <ambient r="0.1" g="0.1" b="0.1" a="1" />
            <diffuse r="0.6" g="0.6" b="0.6" a="1" />
            <specular r="0.3" g="0.3" b="0.3" a="1" />
        </spot>
    </lights>

    <textures>
        <texture id="test" file="scenes/images/testTexture.png" />
    </textures>

    <materials>
        <material id="root" shininess="500" >
            <specular r="0.3" g="0.3" b="0.3" a="1.0" />
            <ambient r="0.1" g="0.1" b="0.1" a="1.0" />
            <diffuse r="0.6" g="0.6" b="0.6" a="1.0" />
            <emission r="0" g="0" b="0" a="1.0" />
        </material>
    </materials>

    <transformations>
        <transformation id="boat-transf">
            <translate x="0" y="0" z="0" />
        </transformation>
    </transformations>

    <animations>
    </animations>

    <primitives>
        <primitive id="cylinder">
            <cylinder base="0.1" top="0.1" height="2" slices="64" stacks="64" />
        </primitive>

        <primitive id="cylinder-lens">
            <cylinder base="0.1" top="0.2" height="0.5" slices="64" stacks="64" />
        </primitive>

        <primitive id="cube-face">
            <rectangle x1="0" y1="0" x2="1" y2="1" />
        </primitive>
    </primitives>

    <components>
        <component id="root">
            <transformation>
            </transformation>

            <materials>
                <material id="root" />
            </materials>

            <texture id="none" length_s="1" length_t="1" />

            <children>
              <componentref id="camera" />
            </children>
        </component>

        <component id="camera">
            <transformation>
            </transformation>

            <materials>
                <material id="inherit" />
            </materials>

            <texture id="none" length_s="1" length_t="1" />

            <children>
              <componentref id="cube" />
              <componentref id="tripodArm1" />
              <componentref id="tripodArm2" />
              <componentref id="tripodArm3" />
              <componentref id="tripodArm4" />
              <componentref id="lens" />
            </children>
        </component>


        <component id="lens">
          <transformation>
              <translate x="0" y="3.5" z="0.25" />
              <scale x="1.5" y="1.5" z="3" />
          </transformation>

          <materials>
              <material id="inherit" />
          </materials>

          <texture id="inherit" length_s="1" length_t="1" />

          <children>
            <primitiveref id="cylinder-lens" />
          </children>
        </component>

        <component id="tripodArm1">
          <transformation>
              <translate x="0" y="0" z="-1.25" />
              <rotate axis="x" angle="-70" />
              <scale x="1" y="1" z="2" />
          </transformation>

          <materials>
              <material id="inherit" />
          </materials>

          <texture id="inherit" length_s="1" length_t="1" />

          <children>
            <primitiveref id="cylinder" />
          </children>
        </component>

        <component id="tripodArm2">
          <transformation>
              <rotate axis="y" angle="90" />
              <translate x="0" y="0" z="-1.25" />
              <rotate axis="x" angle="-70" />
              <scale x="1" y="1" z="2" />
          </transformation>

          <materials>
              <material id="inherit" />
          </materials>

          <texture id="inherit" length_s="1" length_t="1" />

          <children>
            <primitiveref id="cylinder" />
          </children>
        </component>

        <component id="tripodArm3">
          <transformation>
              <rotate axis="y" angle="180" />
              <translate x="0" y="0" z="-1.25" />
              <rotate axis="x" angle="-70" />
              <scale x="1" y="1" z="2" />
          </transformation>

          <materials>
              <material id="inherit" />
          </materials>

          <texture id="inherit" length_s="1" length_t="1" />

          <children>
            <primitiveref id="cylinder" />
          </children>
        </component>

        <component id="tripodArm4">
          <transformation>
              <rotate axis="y" angle="-90" />
              <translate x="0" y="0" z="-1.25" />
              <rotate axis="x" angle="-70" />
              <scale x="1" y="1" z="2" />
          </transformation>

          <materials>
              <material id="inherit" />
          </materials>

          <texture id="inherit" length_s="1" length_t="1" />

          <children>
            <primitiveref id="cylinder" />
          </children>
        </component>

        <component id="cube">
            <transformation>
                <translate x="-0.5" y="-0.5" z="-0.5" />
                <scale x="0.80" y="1" z="1.5" />
            </transformation>

            <materials>
                <material id="inherit" />
            </materials>

            <texture id="inherit" length_s="1" length_t="1" />

            <children>
                <componentref id="face1" />
                <componentref id="face2" />
                <componentref id="face3" />
                <componentref id="face4" />
                <componentref id="face5" />
                <componentref id="face6" />
            </children>
        </component>

        <component id="face1">
            <transformation>
                <translate x="0" y="0" z="1" />
            </transformation>

            <materials>
                <material id="inherit" />
            </materials>

            <texture id="inherit" length_s="5" length_t="5" />

            <children>
                <primitiveref id="cube-face" />
            </children>
        </component>

        <component id="face2">
            <transformation>
                <rotate axis="y" angle="-90" />
            </transformation>

            <materials>
                <material id="inherit" />
            </materials>

            <texture id="inherit" length_s="1" length_t="1" />

            <children>
                <primitiveref id="cube-face" />
            </children>
        </component>

        <component id="face3">
            <transformation>
                <translate x="1" y="0" z="0" />
                <rotate axis="y" angle="180" />
            </transformation>

            <materials>
                <material id="inherit" />
            </materials>

            <texture id="inherit" length_s="1" length_t="1" />

            <children>
                <primitiveref id="cube-face" />
            </children>
        </component>

        <component id="face4">
            <transformation>
                <translate x="1" y="0" z="1" />
                <rotate axis="y" angle="90" />
            </transformation>

            <materials>
                <material id="inherit" />
            </materials>

            <texture id="inherit" length_s="1" length_t="1" />

            <children>
                <primitiveref id="cube-face" />
            </children>
        </component>

        <component id="face5">
            <transformation>
                <rotate axis="x" angle="90" />
            </transformation>

            <materials>
                <material id="inherit" />
            </materials>

            <texture id="inherit" length_s="5" length_t="5" />

            <children>
                <primitiveref id="cube-face" />
            </children>
        </component>

        <component id="face6">
            <transformation>
                <translate x="0" y="1" z="1" />
                <rotate axis="x" angle="-90" />
            </transformation>

            <materials>
                <material id="inherit" />
            </materials>

            <texture id="inherit" length_s="5" length_t="5" />

            <children>
                <primitiveref id="cube-face" />
            </children>
        </component>

    </components>
</yas>
