<yas>
    <scene root="root" axis_length="5" />

    <views default="cam0">
        <perspective id="cam0" near="0.1" far="500" angle="23">
            <from x="30" y="30" z="30" />
            <to x="0" y="0" z="0" />
        </perspective>

        <ortho id="cam1" near="0.1" far="500" left="0" right="10" top="6" bottom="0">
            <from x="50" y="0" z="5" />
            <to x="5" y="0" z="0" />
        </ortho>
    </views>

    <ambient>
        <ambient r="0.1" g="0.1" b="0.1" a="1" />
        <background r="0.1" g="0.1" b="0.1" a="1" />
    </ambient>

    <lights>
        <omni id="light0" enabled="1" >
            <location x="0" y="6" z="0" w="1" />
            <ambient r="0.1" g="0.1" b="0.1" a="1.0" />
            <diffuse r="0.6" g="0.6" b="0.6" a="1.0" />
            <specular r="0.3" g="0.3" b="0.3" a="1.0" />
        </omni>

        <omni id="light1" enabled="1" >
            <location x="6" y="6" z="0" w="1" />
            <ambient r="0.1" g="0.1" b="0.1" a="1.0" />
            <diffuse r="0.6" g="0.6" b="0.6" a="1.0" />
            <specular r="0.3" g="0.3" b="0.3" a="1.0" />
        </omni>

        <omni id="light2" enabled="1" >
            <location x="0" y="6" z="6" w="1" />
            <ambient r="0.1" g="0.1" b="0.1" a="1.0" />
            <diffuse r="0.6" g="0.6" b="0.6" a="1.0" />
            <specular r="0.3" g="0.3" b="0.3" a="1.0" />
        </omni>

        <omni id="light3" enabled="1" >
            <location x="6" y="6" z="6" w="1" />
            <ambient r="0.1" g="0.1" b="0.1" a="1.0" />
            <diffuse r="0.6" g="0.6" b="0.6" a="1.0" />
            <specular r="0.3" g="0.3" b="0.3" a="1.0" />
        </omni>

        <spot id="light4" enabled="0" angle="23" exponent="1">
            <location x="10" y="10" z="10" w="10" />
            <target x="0" y="0" z="0" />
            <ambient r="0.1" g="0.1" b="0.1" a="1" />
            <diffuse r="0.6" g="0.6" b="0.6" a="1" />
            <specular r="0.3" g="0.3" b="0.3" a="1" />
        </spot>
    </lights>

    <textures>
        <texture id="test" file="scenes/images/testTexture.png" />
    </textures>

    <materials>
        <material id="root" shininess="500" >
            <specular r="0.3" g="0.3" b="0.3" a="1.0" />
            <ambient r="0.1" g="0.1" b="0.1" a="1.0" />
            <diffuse r="0.6" g="0.6" b="0.6" a="1.0" />
            <emission r="0" g="0" b="0" a="1.0" />
        </material>
    </materials>

    <transformations>
        <transformation id="boat-transf">
            <translate x="0" y="0" z="0" />
        </transformation>
    </transformations>

    <animations>
    </animations>

    <primitives>
        <primitive id="cube-face">
            <rectangle x1="-0.5" y1="-0.5" x2="0.5" y2="0.5" />
        </primitive>

        <primitive id="cylinder">
            <cylinder base="0.5" top="0.5" height="1" slices="32" stacks="32" />
        </primitive>
    </primitives>

    <components>
        <component id="root">
            <transformation>
            </transformation>

            <materials>
                <material id="root" />
            </materials>

            <texture id="none" length_s="1" length_t="1" />

            <children>
                <componentref id="chair" />
            </children>
        </component>

        <component id="chair">
            <transformation>
            </transformation>

            <materials>
                <material id="inherit" />
            </materials>

            <texture id="inherit" length_s="1" length_t="1" />

            <children>
                <componentref id="chair-base1" />
                <componentref id="chair-base2" />
                <componentref id="chair-base3" />
                <componentref id="chair-leg1" />
                <componentref id="chair-leg2" />
                <componentref id="chair-leg3" />
                <componentref id="chair-leg4" />
                <componentref id="chair-support1" />
                <componentref id="chair-support2" />
                <componentref id="chair-support3" />
                <componentref id="chair-support4" />
                <componentref id="chair-support5" />
                <componentref id="chair-support6" />
            </children>
        </component>

        <component id="chair-base1">
            <transformation>
                <translate x="0" y="2" z="0" />
                <scale x="3" y="0.2" z="3" />
            </transformation>

            <materials>
                <material id="inherit" />
            </materials>

            <texture id="inherit" length_s="1" length_t="1" />

            <children>
                <componentref id="cube" />
            </children>
        </component>

        <component id="chair-base2">
            <transformation>
                <translate x="0" y="4" z="-1.6" />
                <rotate axis="x" angle="-100" />
                <scale x="3" y="0.2" z="0.5" />
            </transformation>

            <materials>
                <material id="inherit" />
            </materials>

            <texture id="inherit" length_s="1" length_t="1" />

            <children>
                <componentref id="cube" />
            </children>
        </component>

        <component id="chair-base3">
            <transformation>
                <translate x="0" y="3.2" z="-1.45" />
                <rotate axis="x" angle="-100" />
                <scale x="3" y="0.2" z="0.5" />
            </transformation>

            <materials>
                <material id="inherit" />
            </materials>

            <texture id="inherit" length_s="1" length_t="1" />

            <children>
                <componentref id="cube" />
            </children>
        </component>

        <component id="chair-support1">
            <transformation>
                <translate x="1.3" y="1.3" z="-1.3" />
            </transformation>

            <materials>
                <material id="inherit" />
            </materials>

            <texture id="inherit" length_s="1" length_t="1" />

            <children>
                <componentref id="chair-support" />
            </children>
        </component>

        <component id="chair-support2">
            <transformation>
                <translate x="-1.3" y="1.3" z="-1.35" />
                <rotate axis="y" angle="90" />
            </transformation>

            <materials>
                <material id="inherit" />
            </materials>

            <texture id="inherit" length_s="1" length_t="1" />

            <children>
                <componentref id="chair-support" />
            </children>
        </component>

        <component id="chair-support3">
            <transformation>
                <translate x="-1.3" y="1.3" z="1.3" />
                <rotate axis="y" angle="90" />
            </transformation>

            <materials>
                <material id="inherit" />
            </materials>

            <texture id="inherit" length_s="1" length_t="1" />

            <children>
                <componentref id="chair-support" />
            </children>
        </component>

        <component id="chair-support4">
            <transformation>
                <translate x="-1.3" y="1.3" z="-1.3" />
            </transformation>

            <materials>
                <material id="inherit" />
            </materials>

            <texture id="inherit" length_s="1" length_t="1" />

            <children>
                <componentref id="chair-support" />
            </children>
        </component>

        <component id="chair-support5">
            <transformation>
                <translate x="-1.3" y="2" z="-1.3" />
                <rotate axis="x" angle="-100" />
            </transformation>

            <materials>
                <material id="inherit" />
            </materials>

            <texture id="inherit" length_s="1" length_t="1" />

            <children>
                <componentref id="chair-support" />
            </children>
        </component>

        <component id="chair-support6">
            <transformation>
                <translate x="1.3" y="2" z="-1.3" />
                <rotate axis="x" angle="-100" />
            </transformation>

            <materials>
                <material id="inherit" />
            </materials>

            <texture id="inherit" length_s="1" length_t="1" />

            <children>
                <componentref id="chair-support" />
            </children>
        </component>

        <component id="chair-support">
            <transformation>
                <scale x="0.3" y="0.3" z="2.5" />
            </transformation>

            <materials>
                <material id="inherit" />
            </materials>

            <texture id="inherit" length_s="1" length_t="1" />

            <children>
                <primitiveref id="cylinder" />
            </children>
        </component>

        <component id="chair-leg1">
            <transformation>
                <translate x="1.3" y="0" z="-1.6" />
            </transformation>

            <materials>
                <material id="inherit" />
            </materials>

            <texture id="inherit" length_s="1" length_t="1" />

            <children>
                <componentref id="chair-back-leg" />
            </children>
        </component>

        <component id="chair-leg2">
            <transformation>
                <translate x="-1.3" y="0" z="-1.6" />
            </transformation>

            <materials>
                <material id="inherit" />
            </materials>

            <texture id="inherit" length_s="1" length_t="1" />

            <children>
                <componentref id="chair-back-leg" />
            </children>
        </component>

        <component id="chair-leg3">
            <transformation>
                <translate x="1.3" y="0" z="1.3" />
            </transformation>

            <materials>
                <material id="inherit" />
            </materials>

            <texture id="inherit" length_s="1" length_t="1" />

            <children>
                <componentref id="chair-front-leg" />
            </children>
        </component>

        <component id="chair-leg4">
            <transformation>
                <translate x="-1.3" y="0" z="1.3" />
            </transformation>

            <materials>
                <material id="inherit" />
            </materials>

            <texture id="inherit" length_s="1" length_t="1" />

            <children>
                <componentref id="chair-front-leg" />
            </children>
        </component>

        <component id="chair-back-leg">
            <transformation>
                <rotate axis="x" angle="-80" />
                <scale x="0.3" y="0.3" z="2.1" />
            </transformation>

            <materials>
                <material id="inherit" />
            </materials>

            <texture id="inherit" length_s="1" length_t="1" />

            <children>
                <primitiveref id="cylinder" />
            </children>
        </component>

        <component id="chair-front-leg">
            <transformation>
                <rotate axis="x" angle="-90" />
                <scale x="0.3" y="0.3" z="2" />
            </transformation>

            <materials>
                <material id="inherit" />
            </materials>

            <texture id="inherit" length_s="1" length_t="1" />

            <children>
                <primitiveref id="cylinder" />
            </children>
        </component>

        <component id="cube">
            <transformation>
            </transformation>

            <materials>
                <material id="root" />
            </materials>

            <texture id="inherit" length_s="1" length_t="1" />

            <children>
                <componentref id="face1" />
                <componentref id="face2" />
                <componentref id="face3" />
                <componentref id="face4" />
                <componentref id="face5" />
                <componentref id="face6" />
            </children>
        </component>

        <component id="face1">
            <transformation>
                <translate x="0" y="0" z="0.5" />
            </transformation>

            <materials>
                <material id="inherit" />
            </materials>

            <texture id="inherit" length_s="1" length_t="1" />

            <children>
                <primitiveref id="cube-face" />
            </children>
        </component>

        <component id="face2">
            <transformation>
                <translate x="-0.5" y="0" z="0" />
                <rotate axis="y" angle="-90" />
            </transformation>

            <materials>
                <material id="inherit" />
            </materials>

            <texture id="inherit" length_s="1" length_t="1" />

            <children>
                <primitiveref id="cube-face" />
            </children>
        </component>

        <component id="face3">
            <transformation>
                <translate x="0" y="0" z="-0.5" />
                <rotate axis="y" angle="180" />
            </transformation>

            <materials>
                <material id="inherit" />
            </materials>

            <texture id="inherit" length_s="1" length_t="1" />

            <children>
                <primitiveref id="cube-face" />
            </children>
        </component>

        <component id="face4">
            <transformation>
                <translate x="0.5" y="0" z="0" />
                <rotate axis="y" angle="90" />
            </transformation>

            <materials>
                <material id="inherit" />
            </materials>

            <texture id="inherit" length_s="1" length_t="1" />

            <children>
                <primitiveref id="cube-face" />
            </children>
        </component>

        <component id="face5">
            <transformation>
                <translate x="0" y="-0.5" z="0" />
                <rotate axis="x" angle="90" />
            </transformation>

            <materials>
                <material id="inherit" />
            </materials>

            <texture id="inherit" length_s="1" length_t="1" />

            <children>
                <primitiveref id="cube-face" />
            </children>
        </component>

        <component id="face6">
            <transformation>
                <translate x="0" y="0.5" z="0" />
                <rotate axis="x" angle="-90" />
            </transformation>

            <materials>
                <material id="inherit" />
            </materials>

            <texture id="inherit" length_s="1" length_t="1" />

            <children>
                <primitiveref id="cube-face" />
            </children>
        </component>
    </components>
</yas>
